c:\users\sujit\desktop\openfst1.5 - copy\msvc15\openfst\debug\compact16_acceptor-fst.obj
c:\users\sujit\desktop\openfst1.5 - copy\msvc15\openfst\debug\compact64_unweighted-fst.obj
c:\users\sujit\desktop\openfst1.5 - copy\msvc15\openfst\debug\compact64_unweighted_acceptor-fst.obj
c:\users\sujit\desktop\openfst1.5 - copy\msvc15\openfst\debug\compact8_unweighted-fst.obj
c:\users\sujit\desktop\openfst1.5 - copy\msvc15\openfst\debug\linear-classifier-fst.obj
c:\users\sujit\desktop\openfst1.5 - copy\msvc15\openfst\debug\ilabel_lookahead-fst.obj
c:\users\sujit\desktop\openfst1.5 - copy\msvc15\openfst\debug\ngram-fst.obj
c:\users\sujit\desktop\openfst1.5 - copy\msvc15\openfst\debug\fst.obj
c:\users\sujit\desktop\openfst1.5 - copy\msvc15\openfst\debug\compose.obj
c:\users\sujit\desktop\openfst1.5 - copy\msvc15\openfst\debug\disambiguate.obj
c:\users\sujit\desktop\openfst1.5 - copy\msvc15\openfst\debug\invert.obj
c:\users\sujit\desktop\openfst1.5 - copy\msvc15\openfst\debug\isomorphic.obj
c:\users\sujit\desktop\openfst1.5 - copy\msvc15\openfst\debug\minimize.obj
c:\users\sujit\desktop\openfst1.5 - copy\msvc15\openfst\debug\reverse.obj
c:\users\sujit\desktop\openfst1.5 - copy\msvc15\openfst\debug\rmepsilon.obj
c:\users\sujit\desktop\openfst1.5 - copy\msvc15\openfst\debug\compact16_string-fst.obj
c:\users\sujit\desktop\openfst1.5 - copy\msvc15\openfst\debug\compact64_acceptor-fst.obj
c:\users\sujit\desktop\openfst1.5 - copy\msvc15\openfst\debug\compact8_string-fst.obj
c:\users\sujit\desktop\openfst1.5 - copy\msvc15\openfst\debug\const16-fst.obj
c:\users\sujit\desktop\openfst1.5 - copy\msvc15\openfst\debug\const64-fst.obj
c:\users\sujit\desktop\openfst1.5 - copy\msvc15\openfst\debug\linearscript.obj
c:\users\sujit\desktop\openfst1.5 - copy\msvc15\openfst\debug\nthbit.obj
c:\users\sujit\desktop\openfst1.5 - copy\msvc15\openfst\debug\compat.obj
c:\users\sujit\desktop\openfst1.5 - copy\msvc15\openfst\debug\flags.obj
c:\users\sujit\desktop\openfst1.5 - copy\msvc15\openfst\debug\mapped-file.obj
c:\users\sujit\desktop\openfst1.5 - copy\msvc15\openfst\debug\symbol-table-ops.obj
c:\users\sujit\desktop\openfst1.5 - copy\msvc15\openfst\debug\util.obj
c:\users\sujit\desktop\openfst1.5 - copy\msvc15\openfst\debug\closure.obj
c:\users\sujit\desktop\openfst1.5 - copy\msvc15\openfst\debug\concat.obj
c:\users\sujit\desktop\openfst1.5 - copy\msvc15\openfst\debug\connect.obj
c:\users\sujit\desktop\openfst1.5 - copy\msvc15\openfst\debug\decode.obj
c:\users\sujit\desktop\openfst1.5 - copy\msvc15\openfst\debug\draw.obj
c:\users\sujit\desktop\openfst1.5 - copy\msvc15\openfst\debug\epsnormalize.obj
c:\users\sujit\desktop\openfst1.5 - copy\msvc15\openfst\debug\info.obj
c:\users\sujit\desktop\openfst1.5 - copy\msvc15\openfst\debug\map.obj
c:\users\sujit\desktop\openfst1.5 - copy\msvc15\openfst\debug\push.obj
c:\users\sujit\desktop\openfst1.5 - copy\msvc15\openfst\debug\shortest-distance.obj
c:\users\sujit\desktop\openfst1.5 - copy\msvc15\openfst\debug\text-io.obj
c:\users\sujit\desktop\openfst1.5 - copy\msvc15\openfst\debug\union.obj
c:\users\sujit\desktop\openfst1.5 - copy\msvc15\openfst\debug\compact16_unweighted_acceptor-fst.obj
c:\users\sujit\desktop\openfst1.5 - copy\msvc15\openfst\debug\compact64_string-fst.obj
c:\users\sujit\desktop\openfst1.5 - copy\msvc15\openfst\debug\compact8_acceptor-fst.obj
c:\users\sujit\desktop\openfst1.5 - copy\msvc15\openfst\debug\compact8_weighted_string-fst.obj
c:\users\sujit\desktop\openfst1.5 - copy\msvc15\openfst\debug\linear-tagger-fst.obj
c:\users\sujit\desktop\openfst1.5 - copy\msvc15\openfst\debug\olabel_lookahead-fst.obj
c:\users\sujit\desktop\openfst1.5 - copy\msvc15\openfst\debug\bitmap-index.obj
c:\users\sujit\desktop\openfst1.5 - copy\msvc15\openfst\debug\pdtscript.obj
c:\users\sujit\desktop\openfst1.5 - copy\msvc15\openfst\debug\determinize.obj
c:\users\sujit\desktop\openfst1.5 - copy\msvc15\openfst\debug\intersect.obj
c:\users\sujit\desktop\openfst1.5 - copy\msvc15\openfst\debug\project.obj
c:\users\sujit\desktop\openfst1.5 - copy\msvc15\openfst\debug\randequivalent.obj
c:\users\sujit\desktop\openfst1.5 - copy\msvc15\openfst\debug\replace.obj
c:\users\sujit\desktop\openfst1.5 - copy\msvc15\openfst\debug\synchronize.obj
c:\users\sujit\desktop\openfst1.5 - copy\msvc15\openfst\debug\topsort.obj
c:\users\sujit\desktop\openfst1.5 - copy\msvc15\openfst\debug\weight-class.obj
c:\users\sujit\desktop\openfst1.5 - copy\msvc15\openfst\debug\compact16_unweighted-fst.obj
c:\users\sujit\desktop\openfst1.5 - copy\msvc15\openfst\debug\compact16_weighted_string-fst.obj
c:\users\sujit\desktop\openfst1.5 - copy\msvc15\openfst\debug\compact64_weighted_string-fst.obj
c:\users\sujit\desktop\openfst1.5 - copy\msvc15\openfst\debug\compact8_unweighted_acceptor-fst.obj
c:\users\sujit\desktop\openfst1.5 - copy\msvc15\openfst\debug\const8-fst.obj
c:\users\sujit\desktop\openfst1.5 - copy\msvc15\openfst\debug\arc_lookahead-fst.obj
c:\users\sujit\desktop\openfst1.5 - copy\msvc15\openfst\debug\mpdtscript.obj
c:\users\sujit\desktop\openfst1.5 - copy\msvc15\openfst\debug\properties.obj
c:\users\sujit\desktop\openfst1.5 - copy\msvc15\openfst\debug\symbol-table.obj
c:\users\sujit\desktop\openfst1.5 - copy\msvc15\openfst\debug\arcsort.obj
c:\users\sujit\desktop\openfst1.5 - copy\msvc15\openfst\debug\compile.obj
c:\users\sujit\desktop\openfst1.5 - copy\msvc15\openfst\debug\convert.obj
c:\users\sujit\desktop\openfst1.5 - copy\msvc15\openfst\debug\difference.obj
c:\users\sujit\desktop\openfst1.5 - copy\msvc15\openfst\debug\encode.obj
c:\users\sujit\desktop\openfst1.5 - copy\msvc15\openfst\debug\equal.obj
c:\users\sujit\desktop\openfst1.5 - copy\msvc15\openfst\debug\equivalent.obj
c:\users\sujit\desktop\openfst1.5 - copy\msvc15\openfst\debug\fst-class.obj
c:\users\sujit\desktop\openfst1.5 - copy\msvc15\openfst\debug\print.obj
c:\users\sujit\desktop\openfst1.5 - copy\msvc15\openfst\debug\prune.obj
c:\users\sujit\desktop\openfst1.5 - copy\msvc15\openfst\debug\randgen.obj
c:\users\sujit\desktop\openfst1.5 - copy\msvc15\openfst\debug\relabel.obj
c:\users\sujit\desktop\openfst1.5 - copy\msvc15\openfst\debug\reweight.obj
c:\users\sujit\desktop\openfst1.5 - copy\msvc15\openfst\debug\script-impl.obj
c:\users\sujit\desktop\openfst1.5 - copy\msvc15\openfst\debug\shortest-path.obj
c:\users\sujit\desktop\openfst1.5 - copy\msvc15\openfst\debug\verify.obj
c:\users\sujit\desktop\openfst1.5 - copy\msvc15\openfst\debug\vc140.pdb
c:\users\sujit\desktop\openfst1.5 - copy\msvc15\debug\openfst.ilk
c:\users\sujit\desktop\openfst1.5 - copy\msvc15\debug\openfst.dll
c:\users\sujit\desktop\openfst1.5 - copy\msvc15\debug\openfst.pdb
c:\users\sujit\desktop\openfst1.5 - copy\msvc15\debug\openfst-gd.ilk
c:\users\sujit\desktop\openfst1.5 - copy\msvc15\debug\openfst-gd.dll
c:\users\sujit\desktop\openfst1.5 - copy\msvc15\debug\openfst-gd.pdb
c:\users\sujit\desktop\openfst1.5 - copy\msvc15\debug\openfst.lib
c:\users\sujit\desktop\openfst1.5 - copy\msvc15\debug\openfst.exp
c:\users\sujit\desktop\openfst1.5 - copy\msvc15\debug\openfst-gd.lib
c:\users\sujit\desktop\openfst1.5 - copy\msvc15\debug\openfst-gd.exp
c:\users\sujit\desktop\openfst1.5 - copy\msvc15\openfst\debug\vc140.idb
c:\users\sujit\desktop\openfst1.5 - copy\msvc15\openfst\debug\openfst.tlog\cl.command.1.tlog
c:\users\sujit\desktop\openfst1.5 - copy\msvc15\openfst\debug\openfst.tlog\cl.read.1.tlog
c:\users\sujit\desktop\openfst1.5 - copy\msvc15\openfst\debug\openfst.tlog\cl.write.1.tlog
c:\users\sujit\desktop\openfst1.5 - copy\msvc15\openfst\debug\openfst.tlog\link.command.1.tlog
c:\users\sujit\desktop\openfst1.5 - copy\msvc15\openfst\debug\openfst.tlog\link.read.1.tlog
c:\users\sujit\desktop\openfst1.5 - copy\msvc15\openfst\debug\openfst.tlog\link.write.1.tlog
c:\users\sujit\desktop\openfst1.5 - copy\msvc15\openfst\debug\openfst.tlog\openfst.write.1u.tlog
